<?xml version="1.0" encoding="UTF-8"?>
<!-- Generated by org.testng.reporters.JUnitXMLReporter -->
<testsuite hostname="amol-PC" ignored="2" name="Default test" tests="1" failures="0" timestamp="28 Oct 2017 04:30:06 GMT" time="14.145" errors="0">
  <testcase name="dragdrop" time="9.307" classname="practice_session.Title_DragDrop_MouseOver"/>
  <testcase name="mousehover" time="0.0" classname="practice_session.Title_DragDrop_MouseOver">
    <ignored/>
  </testcase> <!-- mousehover -->
  <testcase name="title" time="0.0" classname="practice_session.Title_DragDrop_MouseOver">
    <ignored/>
  </testcase> <!-- title -->
</testsuite> <!-- Default test -->
